2024-03-04 15:23:07 — INFO — Running with edr=0.14.1
2024-03-04 15:23:07 — INFO — Installing packages for edr internal dbt package...
2024-03-04 15:23:07 — INFO — Running dbt --log-format json deps --project-dir /Users/boladefidipe/Desktop/dbt-sf/dbt-env/lib/python3.11/site-packages/elementary/monitor/dbt_project
2024-03-04 15:23:10 — DEBUG — Result bytes size for command '['dbt', '--log-format', 'json', 'deps', '--project-dir', '/Users/boladefidipe/Desktop/dbt-sf/dbt-env/lib/python3.11/site-packages/elementary/monitor/dbt_project']' is 3430
2024-03-04 15:23:10 — INFO — Running with dbt=1.7.9
2024-03-04 15:23:10 — INFO — Updating lock file in file path: /Users/boladefidipe/Desktop/dbt-sf/dbt-env/lib/python3.11/site-packages/elementary/monitor/dbt_project/package-lock.yml
2024-03-04 15:23:10 — INFO — Installing dbt-labs/dbt_utils
2024-03-04 15:23:10 — INFO — Installed from version 0.8.6
2024-03-04 15:23:10 — INFO — Updated version available: 1.1.1
2024-03-04 15:23:10 — INFO — Installing elementary-data/elementary
2024-03-04 15:23:10 — INFO — Installed from version 0.14.1
2024-03-04 15:23:10 — INFO — Up to date!
2024-03-04 15:23:10 — INFO — 
2024-03-04 15:23:10 — INFO — Updates available for packages: ['dbt-labs/dbt_utils']                 
Update your versions in packages.yml, then run dbt deps
2024-03-04 15:23:10 — DEBUG — Running dbt --log-format json run-operation elementary.log_macro_results --args {"macro_name": "elementary_cli.get_latest_invocation", "macro_args": {}} --project-dir /Users/boladefidipe/Desktop/dbt-sf/dbt-env/lib/python3.11/site-packages/elementary/monitor/dbt_project
[31;20m2024-03-04 15:23:14 — ERROR — Unable to get the latest invocation: Failed to run dbt command.
Encountered an error while running operation: Database Error
  250001 (08001): Failed to connect to DB: ju72694.europe-west2.gcp.snowflakecomputing.com:443. Incorrect username or password was specified.[0m
2024-03-04 15:23:14 — DEBUG — Running dbt --log-format json run-operation elementary.log_macro_results --args {"macro_name": "elementary_cli.get_adapter_type_and_unique_id", "macro_args": {}} --project-dir /Users/boladefidipe/Desktop/dbt-sf/dbt-env/lib/python3.11/site-packages/elementary/monitor/dbt_project
2024-03-04 15:23:16 — DEBUG — Result bytes size for command '['dbt', '--log-format', 'json', 'run-operation', 'elementary.log_macro_results', '--args', '{"macro_name": "elementary_cli.get_adapter_type_and_unique_id", "macro_args": {}}', '--project-dir', '/Users/boladefidipe/Desktop/dbt-sf/dbt-env/lib/python3.11/site-packages/elementary/monitor/dbt_project']' is 1903
2024-03-04 15:23:16 — DEBUG — Running dbt --log-format json run-operation elementary.log_macro_results --args {"macro_name": "elementary_cli.get_elementary_database_and_schema", "macro_args": {}} --project-dir /Users/boladefidipe/Desktop/dbt-sf/dbt-env/lib/python3.11/site-packages/elementary/monitor/dbt_project
2024-03-04 15:23:18 — DEBUG — Result bytes size for command '['dbt', '--log-format', 'json', 'run-operation', 'elementary.log_macro_results', '--args', '{"macro_name": "elementary_cli.get_elementary_database_and_schema", "macro_args": {}}', '--project-dir', '/Users/boladefidipe/Desktop/dbt-sf/dbt-env/lib/python3.11/site-packages/elementary/monitor/dbt_project']' is 1867
2024-03-04 15:23:18 — INFO — Elementary's database and schema: '"DBT_DEMO.DEV_elementary"'
2024-03-04 15:23:18 — INFO — Running dbt --log-format json run-operation elementary.log_macro_results --args {"macro_name": "elementary_cli.get_test_results", "macro_args": {"days_back": 7, "invocations_per_test": 720, "disable_passed_test_metrics": false}} --project-dir /Users/boladefidipe/Desktop/dbt-sf/dbt-env/lib/python3.11/site-packages/elementary/monitor/dbt_project
[31;20m2024-03-04 15:23:21 — ERROR — Could not generate the report - Error: Failed to run dbt command.
Encountered an error while running operation: Database Error
  250001 (08001): Failed to connect to DB: ju72694.europe-west2.gcp.snowflakecomputing.com:443. Incorrect username or password was specified.
Please reach out to our community for help with this issue.[0m
Traceback (most recent call last):
  File "/Users/boladefidipe/Desktop/dbt-sf/dbt-env/lib/python3.11/site-packages/elementary/clients/dbt/dbt_runner.py", line 88, in _run_command
    result = subprocess.run(
             ^^^^^^^^^^^^^^^
  File "/Library/Frameworks/Python.framework/Versions/3.11/lib/python3.11/subprocess.py", line 571, in run
    raise CalledProcessError(retcode, process.args,
subprocess.CalledProcessError: Command '['dbt', '--log-format', 'json', 'run-operation', 'elementary.log_macro_results', '--args', '{"macro_name": "elementary_cli.get_test_results", "macro_args": {"days_back": 7, "invocations_per_test": 720, "disable_passed_test_metrics": false}}', '--project-dir', '/Users/boladefidipe/Desktop/dbt-sf/dbt-env/lib/python3.11/site-packages/elementary/monitor/dbt_project']' returned non-zero exit status 1.

During handling of the above exception, another exception occurred:

Traceback (most recent call last):
  File "/Users/boladefidipe/Desktop/dbt-sf/dbt-env/lib/python3.11/site-packages/elementary/monitor/api/report/report.py", line 50, in get_report_data
    tests_api = TestsAPI(
                ^^^^^^^^^
  File "/Users/boladefidipe/Desktop/dbt-sf/dbt-env/lib/python3.11/site-packages/elementary/monitor/api/tests/tests.py", line 39, in __init__
    self.test_results_db_rows = self._get_test_results_db_rows(
                                ^^^^^^^^^^^^^^^^^^^^^^^^^^^^^^^
  File "/Users/boladefidipe/Desktop/dbt-sf/dbt-env/lib/python3.11/site-packages/elementary/monitor/api/tests/tests.py", line 51, in _get_test_results_db_rows
    return self.tests_fetcher.get_all_test_results_db_rows(
           ^^^^^^^^^^^^^^^^^^^^^^^^^^^^^^^^^^^^^^^^^^^^^^^^
  File "/Users/boladefidipe/Desktop/dbt-sf/dbt-env/lib/python3.11/site-packages/elementary/monitor/fetchers/tests/tests.py", line 22, in get_all_test_results_db_rows
    run_operation_response = self.dbt_runner.run_operation(
                             ^^^^^^^^^^^^^^^^^^^^^^^^^^^^^^
  File "/Users/boladefidipe/Desktop/dbt-sf/dbt-env/lib/python3.11/site-packages/elementary/clients/dbt/dbt_runner.py", line 160, in run_operation
    success, command_output = self._run_command(
                              ^^^^^^^^^^^^^^^^^^
  File "/Users/boladefidipe/Desktop/dbt-sf/dbt-env/lib/python3.11/site-packages/elementary/clients/dbt/dbt_runner.py", line 99, in _run_command
    raise DbtCommandError(err, command_args, logs=logs)
elementary.exceptions.exceptions.DbtCommandError: Failed to run dbt command.
Encountered an error while running operation: Database Error
  250001 (08001): Failed to connect to DB: ju72694.europe-west2.gcp.snowflakecomputing.com:443. Incorrect username or password was specified.
2024-03-04 15:23:57 — INFO — Running with edr=0.14.1
2024-03-04 15:23:57 — DEBUG — Running dbt --log-format json run-operation elementary.log_macro_results --args {"macro_name": "elementary_cli.get_latest_invocation", "macro_args": {}} --project-dir /Users/boladefidipe/Desktop/dbt-sf/dbt-env/lib/python3.11/site-packages/elementary/monitor/dbt_project
[31;20m2024-03-04 15:23:59 — ERROR — Unable to get the latest invocation: Failed to run dbt command.
Encountered an error while running operation: Database Error
  250001 (08001): Failed to connect to DB: ju72694.europe-west2.gcp.snowflakecomputing.com:443. Incorrect username or password was specified.[0m
2024-03-04 15:23:59 — DEBUG — Running dbt --log-format json run-operation elementary.log_macro_results --args {"macro_name": "elementary_cli.get_adapter_type_and_unique_id", "macro_args": {}} --project-dir /Users/boladefidipe/Desktop/dbt-sf/dbt-env/lib/python3.11/site-packages/elementary/monitor/dbt_project
2024-03-04 15:24:01 — DEBUG — Result bytes size for command '['dbt', '--log-format', 'json', 'run-operation', 'elementary.log_macro_results', '--args', '{"macro_name": "elementary_cli.get_adapter_type_and_unique_id", "macro_args": {}}', '--project-dir', '/Users/boladefidipe/Desktop/dbt-sf/dbt-env/lib/python3.11/site-packages/elementary/monitor/dbt_project']' is 1903
2024-03-04 15:24:01 — DEBUG — Running dbt --log-format json run-operation elementary.log_macro_results --args {"macro_name": "elementary_cli.get_elementary_database_and_schema", "macro_args": {}} --project-dir /Users/boladefidipe/Desktop/dbt-sf/dbt-env/lib/python3.11/site-packages/elementary/monitor/dbt_project
2024-03-04 15:24:03 — DEBUG — Result bytes size for command '['dbt', '--log-format', 'json', 'run-operation', 'elementary.log_macro_results', '--args', '{"macro_name": "elementary_cli.get_elementary_database_and_schema", "macro_args": {}}', '--project-dir', '/Users/boladefidipe/Desktop/dbt-sf/dbt-env/lib/python3.11/site-packages/elementary/monitor/dbt_project']' is 1867
2024-03-04 15:24:03 — INFO — Elementary's database and schema: '"DBT_DEMO.DEV_elementary"'
2024-03-04 15:24:03 — INFO — Running dbt --log-format json run-operation elementary.log_macro_results --args {"macro_name": "elementary_cli.get_test_results", "macro_args": {"days_back": 7, "invocations_per_test": 720, "disable_passed_test_metrics": false}} --project-dir /Users/boladefidipe/Desktop/dbt-sf/dbt-env/lib/python3.11/site-packages/elementary/monitor/dbt_project
[31;20m2024-03-04 15:24:05 — ERROR — Could not generate the report - Error: Failed to run dbt command.
Encountered an error while running operation: Database Error
  250001 (08001): Failed to connect to DB: ju72694.europe-west2.gcp.snowflakecomputing.com:443. Incorrect username or password was specified.
Please reach out to our community for help with this issue.[0m
Traceback (most recent call last):
  File "/Users/boladefidipe/Desktop/dbt-sf/dbt-env/lib/python3.11/site-packages/elementary/clients/dbt/dbt_runner.py", line 88, in _run_command
    result = subprocess.run(
             ^^^^^^^^^^^^^^^
  File "/Library/Frameworks/Python.framework/Versions/3.11/lib/python3.11/subprocess.py", line 571, in run
    raise CalledProcessError(retcode, process.args,
subprocess.CalledProcessError: Command '['dbt', '--log-format', 'json', 'run-operation', 'elementary.log_macro_results', '--args', '{"macro_name": "elementary_cli.get_test_results", "macro_args": {"days_back": 7, "invocations_per_test": 720, "disable_passed_test_metrics": false}}', '--project-dir', '/Users/boladefidipe/Desktop/dbt-sf/dbt-env/lib/python3.11/site-packages/elementary/monitor/dbt_project']' returned non-zero exit status 1.

During handling of the above exception, another exception occurred:

Traceback (most recent call last):
  File "/Users/boladefidipe/Desktop/dbt-sf/dbt-env/lib/python3.11/site-packages/elementary/monitor/api/report/report.py", line 50, in get_report_data
    tests_api = TestsAPI(
                ^^^^^^^^^
  File "/Users/boladefidipe/Desktop/dbt-sf/dbt-env/lib/python3.11/site-packages/elementary/monitor/api/tests/tests.py", line 39, in __init__
    self.test_results_db_rows = self._get_test_results_db_rows(
                                ^^^^^^^^^^^^^^^^^^^^^^^^^^^^^^^
  File "/Users/boladefidipe/Desktop/dbt-sf/dbt-env/lib/python3.11/site-packages/elementary/monitor/api/tests/tests.py", line 51, in _get_test_results_db_rows
    return self.tests_fetcher.get_all_test_results_db_rows(
           ^^^^^^^^^^^^^^^^^^^^^^^^^^^^^^^^^^^^^^^^^^^^^^^^
  File "/Users/boladefidipe/Desktop/dbt-sf/dbt-env/lib/python3.11/site-packages/elementary/monitor/fetchers/tests/tests.py", line 22, in get_all_test_results_db_rows
    run_operation_response = self.dbt_runner.run_operation(
                             ^^^^^^^^^^^^^^^^^^^^^^^^^^^^^^
  File "/Users/boladefidipe/Desktop/dbt-sf/dbt-env/lib/python3.11/site-packages/elementary/clients/dbt/dbt_runner.py", line 160, in run_operation
    success, command_output = self._run_command(
                              ^^^^^^^^^^^^^^^^^^
  File "/Users/boladefidipe/Desktop/dbt-sf/dbt-env/lib/python3.11/site-packages/elementary/clients/dbt/dbt_runner.py", line 99, in _run_command
    raise DbtCommandError(err, command_args, logs=logs)
elementary.exceptions.exceptions.DbtCommandError: Failed to run dbt command.
Encountered an error while running operation: Database Error
  250001 (08001): Failed to connect to DB: ju72694.europe-west2.gcp.snowflakecomputing.com:443. Incorrect username or password was specified.
2024-03-04 15:26:43 — INFO — Running with edr=0.14.1
2024-03-04 15:26:43 — DEBUG — Running dbt --log-format json run-operation elementary.log_macro_results --args {"macro_name": "elementary_cli.get_latest_invocation", "macro_args": {}} --project-dir /Users/boladefidipe/Desktop/dbt-sf/dbt-env/lib/python3.11/site-packages/elementary/monitor/dbt_project
2024-03-04 15:26:48 — DEBUG — Result bytes size for command '['dbt', '--log-format', 'json', 'run-operation', 'elementary.log_macro_results', '--args', '{"macro_name": "elementary_cli.get_latest_invocation", "macro_args": {}}', '--project-dir', '/Users/boladefidipe/Desktop/dbt-sf/dbt-env/lib/python3.11/site-packages/elementary/monitor/dbt_project']' is 4334
2024-03-04 15:26:48 — DEBUG — Running dbt --log-format json run-operation elementary.log_macro_results --args {"macro_name": "elementary_cli.get_adapter_type_and_unique_id", "macro_args": {}} --project-dir /Users/boladefidipe/Desktop/dbt-sf/dbt-env/lib/python3.11/site-packages/elementary/monitor/dbt_project
2024-03-04 15:26:50 — DEBUG — Result bytes size for command '['dbt', '--log-format', 'json', 'run-operation', 'elementary.log_macro_results', '--args', '{"macro_name": "elementary_cli.get_adapter_type_and_unique_id", "macro_args": {}}', '--project-dir', '/Users/boladefidipe/Desktop/dbt-sf/dbt-env/lib/python3.11/site-packages/elementary/monitor/dbt_project']' is 1903
2024-03-04 15:26:50 — INFO — edr (0.14.1) and Elementary's dbt package (0.14.1) are compatible.
2024-03-04 15:26:50 — DEBUG — Running dbt --log-format json run-operation elementary.log_macro_results --args {"macro_name": "elementary_cli.get_elementary_database_and_schema", "macro_args": {}} --project-dir /Users/boladefidipe/Desktop/dbt-sf/dbt-env/lib/python3.11/site-packages/elementary/monitor/dbt_project
2024-03-04 15:26:52 — DEBUG — Result bytes size for command '['dbt', '--log-format', 'json', 'run-operation', 'elementary.log_macro_results', '--args', '{"macro_name": "elementary_cli.get_elementary_database_and_schema", "macro_args": {}}', '--project-dir', '/Users/boladefidipe/Desktop/dbt-sf/dbt-env/lib/python3.11/site-packages/elementary/monitor/dbt_project']' is 1867
2024-03-04 15:26:52 — INFO — Elementary's database and schema: '"DBT_DEMO.DEV_elementary"'
2024-03-04 15:26:52 — INFO — Running dbt --log-format json run-operation elementary.log_macro_results --args {"macro_name": "elementary_cli.get_test_results", "macro_args": {"days_back": 7, "invocations_per_test": 720, "disable_passed_test_metrics": false}} --project-dir /Users/boladefidipe/Desktop/dbt-sf/dbt-env/lib/python3.11/site-packages/elementary/monitor/dbt_project
2024-03-04 15:26:56 — DEBUG — Result bytes size for command '['dbt', '--log-format', 'json', 'run-operation', 'elementary.log_macro_results', '--args', '{"macro_name": "elementary_cli.get_test_results", "macro_args": {"days_back": 7, "invocations_per_test": 720, "disable_passed_test_metrics": false}}', '--project-dir', '/Users/boladefidipe/Desktop/dbt-sf/dbt-env/lib/python3.11/site-packages/elementary/monitor/dbt_project']' is 26925
2024-03-04 15:26:56 — INFO — Running dbt --log-format json run-operation elementary.log_macro_results --args {"macro_name": "elementary_cli.get_source_freshness_results", "macro_args": {"days_back": 7, "invocations_per_test": 720}} --project-dir /Users/boladefidipe/Desktop/dbt-sf/dbt-env/lib/python3.11/site-packages/elementary/monitor/dbt_project
2024-03-04 15:26:58 — DEBUG — Result bytes size for command '['dbt', '--log-format', 'json', 'run-operation', 'elementary.log_macro_results', '--args', '{"macro_name": "elementary_cli.get_source_freshness_results", "macro_args": {"days_back": 7, "invocations_per_test": 720}}', '--project-dir', '/Users/boladefidipe/Desktop/dbt-sf/dbt-env/lib/python3.11/site-packages/elementary/monitor/dbt_project']' is 1817
2024-03-04 15:26:58 — INFO — Running dbt --log-format json run-operation elementary.log_macro_results --args {"macro_name": "elementary_cli.get_models", "macro_args": {"exclude_elementary": true}} --project-dir /Users/boladefidipe/Desktop/dbt-sf/dbt-env/lib/python3.11/site-packages/elementary/monitor/dbt_project
2024-03-04 15:27:01 — DEBUG — Result bytes size for command '['dbt', '--log-format', 'json', 'run-operation', 'elementary.log_macro_results', '--args', '{"macro_name": "elementary_cli.get_models", "macro_args": {"exclude_elementary": true}}', '--project-dir', '/Users/boladefidipe/Desktop/dbt-sf/dbt-env/lib/python3.11/site-packages/elementary/monitor/dbt_project']' is 3615
2024-03-04 15:27:01 — INFO — Running dbt --log-format json run-operation elementary.log_macro_results --args {"macro_name": "elementary_cli.get_sources", "macro_args": {}} --project-dir /Users/boladefidipe/Desktop/dbt-sf/dbt-env/lib/python3.11/site-packages/elementary/monitor/dbt_project
2024-03-04 15:27:04 — DEBUG — Result bytes size for command '['dbt', '--log-format', 'json', 'run-operation', 'elementary.log_macro_results', '--args', '{"macro_name": "elementary_cli.get_sources", "macro_args": {}}', '--project-dir', '/Users/boladefidipe/Desktop/dbt-sf/dbt-env/lib/python3.11/site-packages/elementary/monitor/dbt_project']' is 1817
2024-03-04 15:27:04 — INFO — Running dbt --log-format json run-operation elementary.log_macro_results --args {"macro_name": "elementary_cli.get_exposures", "macro_args": {}} --project-dir /Users/boladefidipe/Desktop/dbt-sf/dbt-env/lib/python3.11/site-packages/elementary/monitor/dbt_project
2024-03-04 15:27:07 — DEBUG — Result bytes size for command '['dbt', '--log-format', 'json', 'run-operation', 'elementary.log_macro_results', '--args', '{"macro_name": "elementary_cli.get_exposures", "macro_args": {}}', '--project-dir', '/Users/boladefidipe/Desktop/dbt-sf/dbt-env/lib/python3.11/site-packages/elementary/monitor/dbt_project']' is 1817
2024-03-04 15:27:07 — INFO — Running dbt --log-format json run-operation elementary.log_macro_results --args {"macro_name": "elementary_cli.get_models_runs", "macro_args": {"days_back": 7, "exclude_elementary": true}} --project-dir /Users/boladefidipe/Desktop/dbt-sf/dbt-env/lib/python3.11/site-packages/elementary/monitor/dbt_project
2024-03-04 15:27:10 — DEBUG — Result bytes size for command '['dbt', '--log-format', 'json', 'run-operation', 'elementary.log_macro_results', '--args', '{"macro_name": "elementary_cli.get_models_runs", "macro_args": {"days_back": 7, "exclude_elementary": true}}', '--project-dir', '/Users/boladefidipe/Desktop/dbt-sf/dbt-env/lib/python3.11/site-packages/elementary/monitor/dbt_project']' is 4447
2024-03-04 15:27:10 — INFO — Running dbt --log-format json run-operation elementary.log_macro_results --args {"macro_name": "elementary_cli.get_dbt_models_test_coverage", "macro_args": {}} --project-dir /Users/boladefidipe/Desktop/dbt-sf/dbt-env/lib/python3.11/site-packages/elementary/monitor/dbt_project
2024-03-04 15:27:12 — DEBUG — Result bytes size for command '['dbt', '--log-format', 'json', 'run-operation', 'elementary.log_macro_results', '--args', '{"macro_name": "elementary_cli.get_dbt_models_test_coverage", "macro_args": {}}', '--project-dir', '/Users/boladefidipe/Desktop/dbt-sf/dbt-env/lib/python3.11/site-packages/elementary/monitor/dbt_project']' is 2227
2024-03-04 15:27:12 — INFO — Running dbt --log-format json run-operation elementary.log_macro_results --args {"macro_name": "elementary_cli.get_nodes_depends_on_nodes", "macro_args": {"exclude_elementary": true}} --project-dir /Users/boladefidipe/Desktop/dbt-sf/dbt-env/lib/python3.11/site-packages/elementary/monitor/dbt_project
2024-03-04 15:27:15 — DEBUG — Result bytes size for command '['dbt', '--log-format', 'json', 'run-operation', 'elementary.log_macro_results', '--args', '{"macro_name": "elementary_cli.get_nodes_depends_on_nodes", "macro_args": {"exclude_elementary": true}}', '--project-dir', '/Users/boladefidipe/Desktop/dbt-sf/dbt-env/lib/python3.11/site-packages/elementary/monitor/dbt_project']' is 2451
2024-03-04 15:27:15 — INFO — Running dbt --log-format json run-operation elementary.log_macro_results --args {"macro_name": "elementary_cli.get_models_latest_invocation", "macro_args": {}} --project-dir /Users/boladefidipe/Desktop/dbt-sf/dbt-env/lib/python3.11/site-packages/elementary/monitor/dbt_project
2024-03-04 15:27:18 — DEBUG — Result bytes size for command '['dbt', '--log-format', 'json', 'run-operation', 'elementary.log_macro_results', '--args', '{"macro_name": "elementary_cli.get_models_latest_invocation", "macro_args": {}}', '--project-dir', '/Users/boladefidipe/Desktop/dbt-sf/dbt-env/lib/python3.11/site-packages/elementary/monitor/dbt_project']' is 9383
2024-03-04 15:27:18 — INFO — Running dbt --log-format json run-operation elementary.log_macro_results --args {"macro_name": "elementary_cli.get_models_latest_invocations_data", "macro_args": {}} --project-dir /Users/boladefidipe/Desktop/dbt-sf/dbt-env/lib/python3.11/site-packages/elementary/monitor/dbt_project
2024-03-04 15:27:20 — DEBUG — Result bytes size for command '['dbt', '--log-format', 'json', 'run-operation', 'elementary.log_macro_results', '--args', '{"macro_name": "elementary_cli.get_models_latest_invocations_data", "macro_args": {}}', '--project-dir', '/Users/boladefidipe/Desktop/dbt-sf/dbt-env/lib/python3.11/site-packages/elementary/monitor/dbt_project']' is 2239
